<?xml version="1.0" encoding="UTF-8"?>
<!-- Generated by org.testng.reporters.JUnitReportReporter -->
<testsuite hostname="LAPTOP-HIM2Q4M4" failures="1" tests="3" name="deltazone.Verify" time="6.379" errors="0" timestamp="2023-09-25T15:30:27 IST" skipped="0">
  <testcase classname="deltazone.Verify" name="titletest" time="6.374">
    <failure message="expected [https://my.deltazone.dev/search] but found [https://login.deltazone.dev/login?state=hKFo2SBGYkY5WVdJRHozOVl2YzRYX0VFV2hHQ19mN3daRkljRqFupWxvZ2luo3RpZNkgVVdkWnFsb2JPMkk3ampSVnVCaldnWHRoTWVuMEh6X0OjY2lk2SAxcmpxZG93MElFZE1XYnAwdkRUZEdFcTF5a0hFS0k5Mw&amp;client=1rjqdow0IEdMWbp0vDTdGEq1ykHEKI93&amp;protocol=oauth2&amp;audience=http%3A%2F%2Flocalhost%3A3000&amp;redirect_uri=https%3A%2F%2Fmy.deltazone.dev&amp;scope=openid%20profile%20email&amp;response_type=code&amp;response_mode=query&amp;nonce=WDRMaVJqQzdEOC5jbzJrYTVTLUY0ZktSenNPYjFPWTIwfk85fjJVYmZOWA%3D%3D&amp;code_challenge=bYxMptI1Dwzp_GDhQigEJ2s2GVm47-wk5mCs1n-QDV0&amp;code_challenge_method=S256&amp;auth0Client=eyJuYW1lIjoiYXV0aDAtcmVhY3QiLCJ2ZXJzaW9uIjoiMS4xMi4xIn0%3D]" type="java.lang.AssertionError">
      <![CDATA[java.lang.AssertionError: expected [https://my.deltazone.dev/search] but found [https://login.deltazone.dev/login?state=hKFo2SBGYkY5WVdJRHozOVl2YzRYX0VFV2hHQ19mN3daRkljRqFupWxvZ2luo3RpZNkgVVdkWnFsb2JPMkk3ampSVnVCaldnWHRoTWVuMEh6X0OjY2lk2SAxcmpxZG93MElFZE1XYnAwdkRUZEdFcTF5a0hFS0k5Mw&client=1rjqdow0IEdMWbp0vDTdGEq1ykHEKI93&protocol=oauth2&audience=http%3A%2F%2Flocalhost%3A3000&redirect_uri=https%3A%2F%2Fmy.deltazone.dev&scope=openid%20profile%20email&response_type=code&response_mode=query&nonce=WDRMaVJqQzdEOC5jbzJrYTVTLUY0ZktSenNPYjFPWTIwfk85fjJVYmZOWA%3D%3D&code_challenge=bYxMptI1Dwzp_GDhQigEJ2s2GVm47-wk5mCs1n-QDV0&code_challenge_method=S256&auth0Client=eyJuYW1lIjoiYXV0aDAtcmVhY3QiLCJ2ZXJzaW9uIjoiMS4xMi4xIn0%3D]
at org.testng.Assert.fail(Assert.java:111)
at org.testng.Assert.failNotEquals(Assert.java:1578)
at org.testng.Assert.assertEqualsImpl(Assert.java:150)
at org.testng.Assert.assertEquals(Assert.java:132)
at org.testng.Assert.assertEquals(Assert.java:656)
at org.testng.Assert.assertEquals(Assert.java:666)
at deltazone.Verify.titletest(Verify.java:25)
at java.base/jdk.internal.reflect.DirectMethodHandleAccessor.invoke(DirectMethodHandleAccessor.java:104)
at java.base/java.lang.reflect.Method.invoke(Method.java:577)
at org.testng.internal.invokers.MethodInvocationHelper.invokeMethod(MethodInvocationHelper.java:139)
at org.testng.internal.invokers.TestInvoker.invokeMethod(TestInvoker.java:664)
at org.testng.internal.invokers.TestInvoker.invokeTestMethod(TestInvoker.java:227)
at org.testng.internal.invokers.MethodRunner.runInSequence(MethodRunner.java:50)
at org.testng.internal.invokers.TestInvoker$MethodInvocationAgent.invoke(TestInvoker.java:957)
at org.testng.internal.invokers.TestInvoker.invokeTestMethods(TestInvoker.java:200)
at org.testng.internal.invokers.TestMethodWorker.invokeTestMethods(TestMethodWorker.java:148)
at org.testng.internal.invokers.TestMethodWorker.run(TestMethodWorker.java:128)
at java.base/java.util.ArrayList.forEach(ArrayList.java:1511)
at org.testng.TestRunner.privateRun(TestRunner.java:848)
at org.testng.TestRunner.run(TestRunner.java:621)
at org.testng.SuiteRunner.runTest(SuiteRunner.java:443)
at org.testng.SuiteRunner.runSequentially(SuiteRunner.java:437)
at org.testng.SuiteRunner.privateRun(SuiteRunner.java:397)
at org.testng.SuiteRunner.run(SuiteRunner.java:336)
at org.testng.SuiteRunnerWorker.runSuite(SuiteRunnerWorker.java:52)
at org.testng.SuiteRunnerWorker.run(SuiteRunnerWorker.java:95)
at org.testng.TestNG.runSuitesSequentially(TestNG.java:1280)
at org.testng.TestNG.runSuitesLocally(TestNG.java:1200)
at org.testng.TestNG.runSuites(TestNG.java:1114)
at org.testng.TestNG.run(TestNG.java:1082)
at org.testng.remote.AbstractRemoteTestNG.run(AbstractRemoteTestNG.java:115)
at org.testng.remote.RemoteTestNG.initAndRun(RemoteTestNG.java:251)
at org.testng.remote.RemoteTestNG.main(RemoteTestNG.java:77)
]]>
    </failure>
  </testcase> <!-- titletest -->
  <testcase classname="deltazone.Verify" name="loginTest" time="0.004"/>
  <testcase classname="deltazone.Verify" name="logouttest" time="0.001"/>
</testsuite> <!-- deltazone.Verify -->
